# JRE version: OpenJDK Runtime Environment JBR-21.0.4+13-509.17-jcef (21.0.4+13) (build 21.0.4+13-b509.17)
# Java VM: OpenJDK 64-Bit Server VM JBR-21.0.4+13-509.17-jcef (21.0.4+13-b509.17, mixed mode, emulated-client, tiered, compressed oops, compressed class ptrs, g1 gc, windows-amd64)
GC Precious Log:
 CardTable entry size: 512
 Card Set container configuration: InlinePtr #cards 4 size 8 Array Of Cards #cards 16 size 48 Howl #buckets 8 coarsen threshold 3686 Howl Bitmap #cards 512 size 80 coarsen threshold 460 Card regions per heap region 1 cards per card region 4096
 CPUs: 12 total, 12 available
 Memory: 16205M
 Large Page Support: Disabled
 NUMA Support: Disabled
 Compressed Oops: Enabled (Zero based)
 Heap Region Size: 2M
 Heap Min Capacity: 8M
 Heap Initial Capacity: 254M
 Heap Max Capacity: 4052M
 Pre-touch: Disabled
 Parallel Workers: 10
 Concurrent Workers: 3
 Concurrent Refinement Workers: 10
 Periodic GC: Disabled
Heap:
 garbage-first heap   total 266240K, used 132352K [0x0000000702c00000, 0x0000000800000000)
  region size 2048K, 2 young (4096K), 2 survivors (4096K)
 Metaspace       used 99316K, committed 100160K, reserved 1179648K
  class space    used 13592K, committed 13952K, reserved 1048576K
GC Heap History (20 events):
Event: 12.422 GC heap after
{Heap after GC invocations=20 (full 0):
 garbage-first heap   total 106496K, used 46606K [0x0000000702c00000, 0x0000000800000000)
  region size 2048K, 3 young (6144K), 3 survivors (6144K)
 Metaspace       used 81917K, committed 82688K, reserved 1179648K
  class space    used 10711K, committed 11072K, reserved 1048576K
}
Event: 12.886 GC heap before
{Heap before GC invocations=20 (full 0):
 garbage-first heap   total 106496K, used 87566K [0x0000000702c00000, 0x0000000800000000)
  region size 2048K, 24 young (49152K), 3 survivors (6144K)
 Metaspace       used 91008K, committed 91840K, reserved 1179648K
  class space    used 12105K, committed 12480K, reserved 1048576K
}
Event: 12.890 GC heap after
{Heap after GC invocations=21 (full 0):
 garbage-first heap   total 106496K, used 48018K [0x0000000702c00000, 0x0000000800000000)
  region size 2048K, 2 young (4096K), 2 survivors (4096K)
 Metaspace       used 91008K, committed 91840K, reserved 1179648K
  class space    used 12105K, committed 12480K, reserved 1048576K
}
Event: 13.317 GC heap before
{Heap before GC invocations=22 (full 0):
 garbage-first heap   total 106496K, used 93074K [0x0000000702c00000, 0x0000000800000000)
  region size 2048K, 24 young (49152K), 2 survivors (4096K)
 Metaspace       used 97494K, committed 98304K, reserved 1179648K
  class space    used 13204K, committed 13568K, reserved 1048576K
}
Event: 13.322 GC heap after
{Heap after GC invocations=23 (full 0):
 garbage-first heap   total 106496K, used 52055K [0x0000000702c00000, 0x0000000800000000)
  region size 2048K, 3 young (6144K), 3 survivors (6144K)
 Metaspace       used 97494K, committed 98304K, reserved 1179648K
  class space    used 13204K, committed 13568K, reserved 1048576K
}
Event: 13.393 GC heap before
{Heap before GC invocations=23 (full 0):
 garbage-first heap   total 106496K, used 90967K [0x0000000702c00000, 0x0000000800000000)
  region size 2048K, 22 young (45056K), 3 survivors (6144K)
 Metaspace       used 97524K, committed 98368K, reserved 1179648K
  class space    used 13209K, committed 13568K, reserved 1048576K
}
Event: 13.404 GC heap after
{Heap after GC invocations=24 (full 0):
 garbage-first heap   total 112640K, used 65348K [0x0000000702c00000, 0x0000000800000000)
  region size 2048K, 3 young (6144K), 3 survivors (6144K)
 Metaspace       used 97524K, committed 98368K, reserved 1179648K
  class space    used 13209K, committed 13568K, reserved 1048576K
}
Event: 13.461 GC heap before
{Heap before GC invocations=24 (full 0):
 garbage-first heap   total 112640K, used 94020K [0x0000000702c00000, 0x0000000800000000)
  region size 2048K, 17 young (34816K), 3 survivors (6144K)
 Metaspace       used 97530K, committed 98368K, reserved 1179648K
  class space    used 13211K, committed 13568K, reserved 1048576K
}
Event: 13.468 GC heap after
{Heap after GC invocations=25 (full 0):
 garbage-first heap   total 112640K, used 74259K [0x0000000702c00000, 0x0000000800000000)
  region size 2048K, 3 young (6144K), 3 survivors (6144K)
 Metaspace       used 97530K, committed 98368K, reserved 1179648K
  class space    used 13211K, committed 13568K, reserved 1048576K
}
Event: 13.526 GC heap before
{Heap before GC invocations=26 (full 0):
 garbage-first heap   total 126976K, used 94739K [0x0000000702c00000, 0x0000000800000000)
  region size 2048K, 13 young (26624K), 3 survivors (6144K)
 Metaspace       used 97530K, committed 98368K, reserved 1179648K
  class space    used 13211K, committed 13568K, reserved 1048576K
}
Event: 13.531 GC heap after
{Heap after GC invocations=27 (full 0):
 garbage-first heap   total 182272K, used 80299K [0x0000000702c00000, 0x0000000800000000)
  region size 2048K, 2 young (4096K), 2 survivors (4096K)
 Metaspace       used 97530K, committed 98368K, reserved 1179648K
  class space    used 13211K, committed 13568K, reserved 1048576K
}
Event: 13.757 GC heap before
{Heap before GC invocations=27 (full 0):
 garbage-first heap   total 182272K, used 135595K [0x0000000702c00000, 0x0000000800000000)
  region size 2048K, 30 young (61440K), 2 survivors (4096K)
 Metaspace       used 99311K, committed 100160K, reserved 1179648K
  class space    used 13592K, committed 13952K, reserved 1048576K
}
Event: 13.766 GC heap after
{Heap after GC invocations=28 (full 0):
 garbage-first heap   total 182272K, used 92032K [0x0000000702c00000, 0x0000000800000000)
  region size 2048K, 4 young (8192K), 4 survivors (8192K)
 Metaspace       used 99311K, committed 100160K, reserved 1179648K
  class space    used 13592K, committed 13952K, reserved 1048576K
}
Event: 13.851 GC heap before
{Heap before GC invocations=28 (full 0):
 garbage-first heap   total 182272K, used 145280K [0x0000000702c00000, 0x0000000800000000)
  region size 2048K, 30 young (61440K), 4 survivors (8192K)
 Metaspace       used 99316K, committed 100160K, reserved 1179648K
  class space    used 13592K, committed 13952K, reserved 1048576K
}
Event: 13.863 GC heap after
{Heap after GC invocations=29 (full 0):
 garbage-first heap   total 182272K, used 108955K [0x0000000702c00000, 0x0000000800000000)
  region size 2048K, 4 young (8192K), 4 survivors (8192K)
 Metaspace       used 99316K, committed 100160K, reserved 1179648K
  class space    used 13592K, committed 13952K, reserved 1048576K
}
Event: 13.948 GC heap before
{Heap before GC invocations=30 (full 0):
 garbage-first heap   total 182272K, used 143771K [0x0000000702c00000, 0x0000000800000000)
  region size 2048K, 23 young (47104K), 4 survivors (8192K)
 Metaspace       used 99316K, committed 100160K, reserved 1179648K
  class space    used 13592K, committed 13952K, reserved 1048576K
}
Event: 13.961 GC heap after
{Heap after GC invocations=31 (full 0):
 garbage-first heap   total 182272K, used 122406K [0x0000000702c00000, 0x0000000800000000)
  region size 2048K, 3 young (6144K), 3 survivors (6144K)
 Metaspace       used 99316K, committed 100160K, reserved 1179648K
  class space    used 13592K, committed 13952K, reserved 1048576K
}
Event: 14.015 GC heap before
{Heap before GC invocations=31 (full 0):
 garbage-first heap   total 182272K, used 153126K [0x0000000702c00000, 0x0000000800000000)
  region size 2048K, 17 young (34816K), 3 survivors (6144K)
 Metaspace       used 99316K, committed 100160K, reserved 1179648K
  class space    used 13592K, committed 13952K, reserved 1048576K
}
Event: 14.025 GC heap after
{Heap after GC invocations=32 (full 0):
 garbage-first heap   total 182272K, used 125339K [0x0000000702c00000, 0x0000000800000000)
  region size 2048K, 3 young (6144K), 3 survivors (6144K)
 Metaspace       used 99316K, committed 100160K, reserved 1179648K
  class space    used 13592K, committed 13952K, reserved 1048576K
}
Event: 14.078 GC heap before
{Heap before GC invocations=32 (full 0):
 garbage-first heap   total 182272K, used 151963K [0x0000000702c00000, 0x0000000800000000)
  region size 2048K, 16 young (32768K), 3 survivors (6144K)
 Metaspace       used 99316K, committed 100160K, reserved 1179648K
  class space    used 13592K, committed 13952K, reserved 1048576K
}

