# JRE version: OpenJDK Runtime Environment JBR-21.0.4+13-509.17-jcef (21.0.4+13) (build 21.0.4+13-b509.17)
# Java VM: OpenJDK 64-Bit Server VM JBR-21.0.4+13-509.17-jcef (21.0.4+13-b509.17, mixed mode, emulated-client, tiered, compressed oops, compressed class ptrs, g1 gc, windows-amd64)
GC Precious Log:
 CardTable entry size: 512
 Card Set container configuration: InlinePtr #cards 4 size 8 Array Of Cards #cards 16 size 48 Howl #buckets 8 coarsen threshold 3686 Howl Bitmap #cards 512 size 80 coarsen threshold 460 Card regions per heap region 1 cards per card region 4096
 CPUs: 12 total, 12 available
 Memory: 16205M
 Large Page Support: Disabled
 NUMA Support: Disabled
 Compressed Oops: Enabled (Zero based)
 Heap Region Size: 2M
 Heap Min Capacity: 8M
 Heap Initial Capacity: 254M
 Heap Max Capacity: 4052M
 Pre-touch: Disabled
 Parallel Workers: 10
 Concurrent Workers: 3
 Concurrent Refinement Workers: 10
 Periodic GC: Disabled
Heap:
 garbage-first heap   total 266240K, used 118964K [0x0000000702c00000, 0x0000000800000000)
  region size 2048K, 4 young (8192K), 4 survivors (8192K)
 Metaspace       used 103387K, committed 104192K, reserved 1179648K
  class space    used 14189K, committed 14528K, reserved 1048576K
GC Heap History (20 events):
Event: 14.836 GC heap after
{Heap after GC invocations=23 (full 0):
 garbage-first heap   total 126976K, used 76211K [0x0000000702c00000, 0x0000000800000000)
  region size 2048K, 3 young (6144K), 3 survivors (6144K)
 Metaspace       used 97595K, committed 98432K, reserved 1179648K
  class space    used 13217K, committed 13568K, reserved 1048576K
}
Event: 14.892 GC heap before
{Heap before GC invocations=23 (full 0):
 garbage-first heap   total 126976K, used 104883K [0x0000000702c00000, 0x0000000800000000)
  region size 2048K, 17 young (34816K), 3 survivors (6144K)
 Metaspace       used 97598K, committed 98432K, reserved 1179648K
  class space    used 13217K, committed 13568K, reserved 1048576K
}
Event: 14.899 GC heap after
{Heap after GC invocations=24 (full 0):
 garbage-first heap   total 126976K, used 83968K [0x0000000702c00000, 0x0000000800000000)
  region size 2048K, 3 young (6144K), 3 survivors (6144K)
 Metaspace       used 97598K, committed 98432K, reserved 1179648K
  class space    used 13217K, committed 13568K, reserved 1048576K
}
Event: 15.077 GC heap before
{Heap before GC invocations=25 (full 0):
 garbage-first heap   total 141312K, used 108544K [0x0000000702c00000, 0x0000000800000000)
  region size 2048K, 15 young (30720K), 3 survivors (6144K)
 Metaspace       used 99407K, committed 100224K, reserved 1179648K
  class space    used 13597K, committed 13952K, reserved 1048576K
}
Event: 15.082 GC heap after
{Heap after GC invocations=26 (full 0):
 garbage-first heap   total 141312K, used 88149K [0x0000000702c00000, 0x0000000800000000)
  region size 2048K, 2 young (4096K), 2 survivors (4096K)
 Metaspace       used 99407K, committed 100224K, reserved 1179648K
  class space    used 13597K, committed 13952K, reserved 1048576K
}
Event: 15.142 GC heap before
{Heap before GC invocations=26 (full 0):
 garbage-first heap   total 141312K, used 118869K [0x0000000702c00000, 0x0000000800000000)
  region size 2048K, 17 young (34816K), 2 survivors (4096K)
 Metaspace       used 99409K, committed 100224K, reserved 1179648K
  class space    used 13597K, committed 13952K, reserved 1048576K
}
Event: 15.143 GC heap after
{Heap after GC invocations=27 (full 0):
 garbage-first heap   total 141312K, used 85884K [0x0000000702c00000, 0x0000000800000000)
  region size 2048K, 1 young (2048K), 1 survivors (2048K)
 Metaspace       used 99409K, committed 100224K, reserved 1179648K
  class space    used 13597K, committed 13952K, reserved 1048576K
}
Event: 15.203 GC heap before
{Heap before GC invocations=27 (full 0):
 garbage-first heap   total 141312K, used 120700K [0x0000000702c00000, 0x0000000800000000)
  region size 2048K, 18 young (36864K), 1 survivors (2048K)
 Metaspace       used 99412K, committed 100224K, reserved 1179648K
  class space    used 13597K, committed 13952K, reserved 1048576K
}
Event: 15.208 GC heap after
{Heap after GC invocations=28 (full 0):
 garbage-first heap   total 243712K, used 96042K [0x0000000702c00000, 0x0000000800000000)
  region size 2048K, 3 young (6144K), 3 survivors (6144K)
 Metaspace       used 99412K, committed 100224K, reserved 1179648K
  class space    used 13597K, committed 13952K, reserved 1048576K
}
Event: 15.451 GC heap before
{Heap before GC invocations=29 (full 0):
 garbage-first heap   total 243712K, used 182058K [0x0000000702c00000, 0x0000000800000000)
  region size 2048K, 49 young (100352K), 3 survivors (6144K)
 Metaspace       used 99412K, committed 100224K, reserved 1179648K
  class space    used 13597K, committed 13952K, reserved 1048576K
}
Event: 15.469 GC heap after
{Heap after GC invocations=30 (full 0):
 garbage-first heap   total 243712K, used 124049K [0x0000000702c00000, 0x0000000800000000)
  region size 2048K, 7 young (14336K), 7 survivors (14336K)
 Metaspace       used 99412K, committed 100224K, reserved 1179648K
  class space    used 13597K, committed 13952K, reserved 1048576K
}
Event: 15.613 GC heap before
{Heap before GC invocations=30 (full 0):
 garbage-first heap   total 243712K, used 185489K [0x0000000702c00000, 0x0000000800000000)
  region size 2048K, 37 young (75776K), 7 survivors (14336K)
 Metaspace       used 99415K, committed 100224K, reserved 1179648K
  class space    used 13597K, committed 13952K, reserved 1048576K
}
Event: 15.627 GC heap after
{Heap after GC invocations=31 (full 0):
 garbage-first heap   total 243712K, used 128893K [0x0000000702c00000, 0x0000000800000000)
  region size 2048K, 5 young (10240K), 5 survivors (10240K)
 Metaspace       used 99415K, committed 100224K, reserved 1179648K
  class space    used 13597K, committed 13952K, reserved 1048576K
}
Event: 15.905 GC heap before
{Heap before GC invocations=31 (full 0):
 garbage-first heap   total 243712K, used 188285K [0x0000000702c00000, 0x0000000800000000)
  region size 2048K, 34 young (69632K), 5 survivors (10240K)
 Metaspace       used 101886K, committed 102720K, reserved 1179648K
  class space    used 13934K, committed 14272K, reserved 1048576K
}
Event: 15.911 GC heap after
{Heap after GC invocations=32 (full 0):
 garbage-first heap   total 243712K, used 134137K [0x0000000702c00000, 0x0000000800000000)
  region size 2048K, 3 young (6144K), 3 survivors (6144K)
 Metaspace       used 101886K, committed 102720K, reserved 1179648K
  class space    used 13934K, committed 14272K, reserved 1048576K
}
Event: 16.051 GC heap before
{Heap before GC invocations=33 (full 0):
 garbage-first heap   total 243712K, used 193529K [0x0000000702c00000, 0x0000000800000000)
  region size 2048K, 34 young (69632K), 3 survivors (6144K)
 Metaspace       used 101886K, committed 102720K, reserved 1179648K
  class space    used 13934K, committed 14272K, reserved 1048576K
}
Event: 16.059 GC heap after
{Heap after GC invocations=34 (full 0):
 garbage-first heap   total 243712K, used 142718K [0x0000000702c00000, 0x0000000800000000)
  region size 2048K, 5 young (10240K), 5 survivors (10240K)
 Metaspace       used 101886K, committed 102720K, reserved 1179648K
  class space    used 13934K, committed 14272K, reserved 1048576K
}
Event: 16.211 GC heap before
{Heap before GC invocations=34 (full 0):
 garbage-first heap   total 243712K, used 202110K [0x0000000702c00000, 0x0000000800000000)
  region size 2048K, 34 young (69632K), 5 survivors (10240K)
 Metaspace       used 101966K, committed 102784K, reserved 1179648K
  class space    used 13945K, committed 14272K, reserved 1048576K
}
Event: 16.220 GC heap after
{Heap after GC invocations=35 (full 0):
 garbage-first heap   total 243712K, used 130853K [0x0000000702c00000, 0x0000000800000000)
  region size 2048K, 5 young (10240K), 5 survivors (10240K)
 Metaspace       used 101966K, committed 102784K, reserved 1179648K
  class space    used 13945K, committed 14272K, reserved 1048576K
}
Event: 16.532 GC heap before
{Heap before GC invocations=35 (full 0):
 garbage-first heap   total 243712K, used 196389K [0x0000000702c00000, 0x0000000800000000)
  region size 2048K, 37 young (75776K), 5 survivors (10240K)
 Metaspace       used 103387K, committed 104192K, reserved 1179648K
  class space    used 14189K, committed 14528K, reserved 1048576K
}

